<?xml version="1.0" encoding="UTF-8"?>
<!-- Generated by org.testng.reporters.JUnitReportReporter -->
<testsuite skipped="0" hostname="DESKTOP-SSC92V8" name="org.testing.Testcases.tc1_postwithtestng" tests="1" failures="0" timestamp="2022-10-06T10:38:23 IST" time="7.064" errors="0">
  <testcase name="testcase1" time="7.064" classname="org.testing.Testcases.tc1_postwithtestng"/>
  <system-out/>
</testsuite> <!-- org.testing.Testcases.tc1_postwithtestng -->
